<?xml version="1.0" encoding="UTF-8"?>
<!-- Generated by org.testng.reporters.JUnitXMLReporter -->
<testsuite ignored="0" hostname="DESKTOP-7SU4C42" failures="0" tests="5" name="Default test" time="39.745" errors="0" timestamp="2023-10-28T12:48:27 EET">
  <testcase classname="AlmosaferTest" name="test" time="6.607"/>
  <testcase classname="AlmosaferTest" name="test" time="6.72"/>
  <testcase classname="AlmosaferTest" name="test" time="6.195"/>
  <testcase classname="AlmosaferTest" name="test" time="6.33"/>
  <testcase classname="AlmosaferTest" name="test" time="7.301"/>
</testsuite> <!-- Default test -->
